2021-05-30 17:33:12 [INFO ] http-nio-8110-exec-1 ExcelDictDTOListener.java:12 com.atguigu.srb.core.listener.ExcelDictDTOListener 解析到一条记录----->ExcelDictDTO(id=70000, parentId=1, name=还款方式, value=null, dictCode=returnMethod)
2021-05-30 17:33:12 [INFO ] http-nio-8110-exec-1 ExcelDictDTOListener.java:12 com.atguigu.srb.core.listener.ExcelDictDTOListener 解析到一条记录----->ExcelDictDTO(id=70001, parentId=70000, name=等额本息, value=1, dictCode=null)
2021-05-30 17:33:12 [INFO ] http-nio-8110-exec-1 ExcelDictDTOListener.java:12 com.atguigu.srb.core.listener.ExcelDictDTOListener 解析到一条记录----->ExcelDictDTO(id=70002, parentId=70000, name=等额本金, value=2, dictCode=null)
2021-05-30 17:33:12 [INFO ] http-nio-8110-exec-1 ExcelDictDTOListener.java:12 com.atguigu.srb.core.listener.ExcelDictDTOListener 解析到一条记录----->ExcelDictDTO(id=70003, parentId=70000, name=每月还息一次还本, value=3, dictCode=null)
2021-05-30 17:33:12 [INFO ] http-nio-8110-exec-1 ExcelDictDTOListener.java:12 com.atguigu.srb.core.listener.ExcelDictDTOListener 解析到一条记录----->ExcelDictDTO(id=70004, parentId=70000, name=一次还本还息, value=4, dictCode=null)
2021-05-30 17:33:12 [INFO ] http-nio-8110-exec-1 ExcelDictDTOListener.java:12 com.atguigu.srb.core.listener.ExcelDictDTOListener 解析到一条记录----->ExcelDictDTO(id=80000, parentId=1, name=资金用途, value=null, dictCode=moneyUse)
2021-05-30 17:33:12 [INFO ] http-nio-8110-exec-1 ExcelDictDTOListener.java:12 com.atguigu.srb.core.listener.ExcelDictDTOListener 解析到一条记录----->ExcelDictDTO(id=80001, parentId=80000, name=旅游, value=1, dictCode=null)
2021-05-30 17:33:12 [INFO ] http-nio-8110-exec-1 ExcelDictDTOListener.java:12 com.atguigu.srb.core.listener.ExcelDictDTOListener 解析到一条记录----->ExcelDictDTO(id=80002, parentId=80000, name=买房, value=2, dictCode=null)
2021-05-30 17:33:12 [INFO ] http-nio-8110-exec-1 ExcelDictDTOListener.java:12 com.atguigu.srb.core.listener.ExcelDictDTOListener 解析到一条记录----->ExcelDictDTO(id=80003, parentId=80000, name=装修, value=3, dictCode=null)
2021-05-30 17:33:12 [INFO ] http-nio-8110-exec-1 ExcelDictDTOListener.java:12 com.atguigu.srb.core.listener.ExcelDictDTOListener 解析到一条记录----->ExcelDictDTO(id=80004, parentId=80000, name=医疗, value=4, dictCode=null)
2021-05-30 17:33:12 [INFO ] http-nio-8110-exec-1 ExcelDictDTOListener.java:12 com.atguigu.srb.core.listener.ExcelDictDTOListener 解析到一条记录----->ExcelDictDTO(id=80005, parentId=80000, name=美容, value=5, dictCode=null)
2021-05-30 17:33:12 [INFO ] http-nio-8110-exec-1 ExcelDictDTOListener.java:12 com.atguigu.srb.core.listener.ExcelDictDTOListener 解析到一条记录----->ExcelDictDTO(id=80006, parentId=80000, name=其他, value=6, dictCode=null)
2021-05-30 17:33:12 [INFO ] http-nio-8110-exec-1 ExcelDictDTOListener.java:12 com.atguigu.srb.core.listener.ExcelDictDTOListener 解析到一条记录----->ExcelDictDTO(id=81000, parentId=1, name=借款状态, value=null, dictCode=borrowStatus)
2021-05-30 17:33:12 [INFO ] http-nio-8110-exec-1 ExcelDictDTOListener.java:12 com.atguigu.srb.core.listener.ExcelDictDTOListener 解析到一条记录----->ExcelDictDTO(id=81001, parentId=81000, name=待审核, value=0, dictCode=null)
2021-05-30 17:33:12 [INFO ] http-nio-8110-exec-1 ExcelDictDTOListener.java:12 com.atguigu.srb.core.listener.ExcelDictDTOListener 解析到一条记录----->ExcelDictDTO(id=81002, parentId=81000, name=审批通过, value=1, dictCode=null)
2021-05-30 17:33:12 [INFO ] http-nio-8110-exec-1 ExcelDictDTOListener.java:12 com.atguigu.srb.core.listener.ExcelDictDTOListener 解析到一条记录----->ExcelDictDTO(id=81003, parentId=81000, name=还款中, value=2, dictCode=null)
2021-05-30 17:33:12 [INFO ] http-nio-8110-exec-1 ExcelDictDTOListener.java:12 com.atguigu.srb.core.listener.ExcelDictDTOListener 解析到一条记录----->ExcelDictDTO(id=81004, parentId=81000, name=结束, value=3, dictCode=null)
2021-05-30 17:33:12 [INFO ] http-nio-8110-exec-1 ExcelDictDTOListener.java:12 com.atguigu.srb.core.listener.ExcelDictDTOListener 解析到一条记录----->ExcelDictDTO(id=81005, parentId=81000, name=审批不通过, value=-1, dictCode=null)
2021-05-30 17:33:12 [INFO ] http-nio-8110-exec-1 ExcelDictDTOListener.java:12 com.atguigu.srb.core.listener.ExcelDictDTOListener 解析到一条记录----->ExcelDictDTO(id=82000, parentId=1, name=学校性质, value=null, dictCode=SchoolStatus)
2021-05-30 17:33:12 [INFO ] http-nio-8110-exec-1 ExcelDictDTOListener.java:12 com.atguigu.srb.core.listener.ExcelDictDTOListener 解析到一条记录----->ExcelDictDTO(id=82001, parentId=82000, name=211/985, value=null, dictCode=null)
2021-05-30 17:33:12 [INFO ] http-nio-8110-exec-1 ExcelDictDTOListener.java:12 com.atguigu.srb.core.listener.ExcelDictDTOListener 解析到一条记录----->ExcelDictDTO(id=82002, parentId=82000, name=一本, value=null, dictCode=null)
2021-05-30 17:33:12 [INFO ] http-nio-8110-exec-1 ExcelDictDTOListener.java:12 com.atguigu.srb.core.listener.ExcelDictDTOListener 解析到一条记录----->ExcelDictDTO(id=82003, parentId=82000, name=二本, value=null, dictCode=null)
2021-05-30 17:33:12 [INFO ] http-nio-8110-exec-1 ExcelDictDTOListener.java:12 com.atguigu.srb.core.listener.ExcelDictDTOListener 解析到一条记录----->ExcelDictDTO(id=82004, parentId=82000, name=三本, value=null, dictCode=null)
2021-05-30 17:33:12 [INFO ] http-nio-8110-exec-1 ExcelDictDTOListener.java:12 com.atguigu.srb.core.listener.ExcelDictDTOListener 解析到一条记录----->ExcelDictDTO(id=82005, parentId=82000, name=高职高专, value=null, dictCode=null)
2021-05-30 17:33:12 [INFO ] http-nio-8110-exec-1 ExcelDictDTOListener.java:12 com.atguigu.srb.core.listener.ExcelDictDTOListener 解析到一条记录----->ExcelDictDTO(id=82006, parentId=82000, name=中职中专, value=null, dictCode=null)
2021-05-30 17:33:12 [INFO ] http-nio-8110-exec-1 ExcelDictDTOListener.java:12 com.atguigu.srb.core.listener.ExcelDictDTOListener 解析到一条记录----->ExcelDictDTO(id=82007, parentId=82000, name=高中及以下, value=null, dictCode=null)
2021-05-30 17:33:12 [INFO ] http-nio-8110-exec-1 ExcelDictDTOListener.java:20 com.atguigu.srb.core.listener.ExcelDictDTOListener 所有数据解析完成！
2021-05-30 17:33:12 [INFO ] http-nio-8110-exec-1 DictServiceImpl.java:33 com.atguigu.srb.core.service.impl.DictServiceImpl Excel导入成功
2021-05-30 17:59:08 [INFO ] main StartupInfoLogger.java:55 com.atguigu.srb.core.ServiceCoreApplication Starting ServiceCoreApplication on 192.168.0.103 with PID 902 (/Users/haipenghou/IdeaProjects/atguiguProject/srb/service-core/target/classes started by haipenghou in /Users/haipenghou/IdeaProjects/atguiguProject/srb)
2021-05-30 17:59:08 [INFO ] main SpringApplication.java:655 com.atguigu.srb.core.ServiceCoreApplication The following profiles are active: dev
